<?xml version="1.0" encoding="UTF-8"?>
<!-- Generated by org.testng.reporters.JUnitXMLReporter -->
<testsuite hostname="LAPTOP-R70E16ME" ignored="0" name="Test" tests="22" failures="0" timestamp="31 Dec 2019 10:41:04 GMT" time="177.139" errors="0">
  <testcase name="@BeforeMethod setUp" time="3.966" classname="com.qa.testcases.Login_Page_Test">
    <failure type="org.openqa.selenium.WebDriverException" message="disconnected: not connected to DevTools
  (Session info: chrome=79.0.3945.88)
Build info: version: &amp;apos;4.0.0-alpha-3&amp;apos;, revision: &amp;apos;8c567de6dc&amp;apos;
System info: host: &amp;apos;LAPTOP-R70E16ME&amp;apos;, ip: &amp;apos;192.168.0.103&amp;apos;, os.name: &amp;apos;Windows 10&amp;apos;, os.arch: &amp;apos;amd64&amp;apos;, os.version: &amp;apos;10.0&amp;apos;, java.version: &amp;apos;1.8.0_211&amp;apos;
Driver info: org.openqa.selenium.chrome.ChromeDriver
Capabilities {acceptInsecureCerts: false, browserName: chrome, browserVersion: 79.0.3945.88, chrome: {chromedriverVersion: 79.0.3945.36 (3582db32b3389..., userDataDir: C:\Users\DATTAT~1\AppData\L...}, goog:chromeOptions: {debuggerAddress: localhost:57781}, javascriptEnabled: true, networkConnectionEnabled: false, pageLoadStrategy: normal, platform: WINDOWS, platformName: WINDOWS, proxy: Proxy(), setWindowRect: true, strictFileInteractability: false, timeouts: {implicit: 0, pageLoad: 300000, script: 30000}, unhandledPromptBehavior: dismiss and notify}
Session ID: 4ee8131a2eecff3a6cc1371a1d79e2e0">
      <![CDATA[org.openqa.selenium.WebDriverException: disconnected: not connected to DevTools
  (Session info: chrome=79.0.3945.88)
Build info: version: '4.0.0-alpha-3', revision: '8c567de6dc'
System info: host: 'LAPTOP-R70E16ME', ip: '192.168.0.103', os.name: 'Windows 10', os.arch: 'amd64', os.version: '10.0', java.version: '1.8.0_211'
Driver info: org.openqa.selenium.chrome.ChromeDriver
Capabilities {acceptInsecureCerts: false, browserName: chrome, browserVersion: 79.0.3945.88, chrome: {chromedriverVersion: 79.0.3945.36 (3582db32b3389..., userDataDir: C:\Users\DATTAT~1\AppData\L...}, goog:chromeOptions: {debuggerAddress: localhost:57781}, javascriptEnabled: true, networkConnectionEnabled: false, pageLoadStrategy: normal, platform: WINDOWS, platformName: WINDOWS, proxy: Proxy(), setWindowRect: true, strictFileInteractability: false, timeouts: {implicit: 0, pageLoad: 300000, script: 30000}, unhandledPromptBehavior: dismiss and notify}
Session ID: 4ee8131a2eecff3a6cc1371a1d79e2e0
at org.openqa.selenium.remote.codec.w3c.W3CHttpResponseCodec.createException(W3CHttpResponseCodec.java:191)
at org.openqa.selenium.remote.codec.w3c.W3CHttpResponseCodec.decode(W3CHttpResponseCodec.java:125)
at org.openqa.selenium.remote.codec.w3c.W3CHttpResponseCodec.decode(W3CHttpResponseCodec.java:52)
at org.openqa.selenium.remote.HttpCommandExecutor.execute(HttpCommandExecutor.java:161)
at org.openqa.selenium.remote.service.DriverCommandExecutor.execute(DriverCommandExecutor.java:83)
at org.openqa.selenium.remote.RemoteWebDriver.execute(RemoteWebDriver.java:576)
at org.openqa.selenium.remote.RemoteWebDriver.execute(RemoteWebDriver.java:633)
at org.openqa.selenium.remote.RemoteWebDriver.execute(RemoteWebDriver.java:637)
at org.openqa.selenium.remote.RemoteWebDriver$RemoteWebDriverOptions$RemoteWindow.maximize(RemoteWebDriver.java:884)
at com.qa.base.Test_Base.initialization(Test_Base.java:70)
at com.qa.testcases.Login_Page_Test.setUp(Login_Page_Test.java:24)
at java.util.concurrent.FutureTask.run(Unknown Source)
at java.util.concurrent.ThreadPoolExecutor.runWorker(Unknown Source)
at java.util.concurrent.ThreadPoolExecutor$Worker.run(Unknown Source)
at java.lang.Thread.run(Unknown Source)
... Removed 23 stack frames]]>
    </failure>
  </testcase> <!-- @BeforeMethod setUp -->
  <testcase name="@AfterMethod teardown" time="0.0" classname="com.qa.testcases.Login_Page_Test">
    <skipped/>
  </testcase> <!-- @AfterMethod teardown -->
  <testcase name="@BeforeMethod setUp" time="0.0" classname="com.qa.testcases.Login_Page_Test">
    <skipped/>
  </testcase> <!-- @BeforeMethod setUp -->
  <testcase name="@AfterMethod teardown" time="0.0" classname="com.qa.testcases.Login_Page_Test">
    <skipped/>
  </testcase> <!-- @AfterMethod teardown -->
  <testcase name="@BeforeMethod setUp" time="0.0" classname="com.qa.testcases.Login_Page_Test">
    <skipped/>
  </testcase> <!-- @BeforeMethod setUp -->
  <testcase name="@AfterMethod teardown" time="0.0" classname="com.qa.testcases.Login_Page_Test">
    <skipped/>
  </testcase> <!-- @AfterMethod teardown -->
  <testcase name="Add_New_Item_Test" time="4.682" classname="com.qa.testcases.items.Insert_New_Item_Test"/>
  <testcase name="Add_New_Item_Test" time="4.656" classname="com.qa.testcases.items.Insert_New_Item_Test"/>
  <testcase name="Username_Word_Test" time="0.056" classname="com.qa.testcases.Login_Page_Test"/>
  <testcase name="loginPageTitle_Test" time="0.011" classname="com.qa.testcases.Login_Page_Test"/>
  <testcase name="Items_Page_TitleTest" time="0.011" classname="com.qa.testcases.items.Items_Page_Test"/>
  <testcase name="Add_Stock_Categories_Title_Test" time="0.036" classname="com.qa.testcases.items.Add_Stock_Categories_Test"/>
  <testcase name="Click_On_Add_Stock_Categories_Test" time="0.126" classname="com.qa.testcases.items.Insert_New_Item_Test"/>
  <testcase name="Logo_Test" time="0.048" classname="com.qa.testcases.Login_Page_Test"/>
  <testcase name="Username_Place_Holder_Test" time="0.042" classname="com.qa.testcases.Login_Page_Test"/>
  <testcase name="Stock_Category_Test" time="5.118" classname="com.qa.testcases.items.Items_Page_Test"/>
  <testcase name="validate_EProcBilling_Word" time="0.03" classname="com.qa.testcases.Home_Page_Test"/>
  <testcase name="Table_Test" time="0.036" classname="com.qa.testcases.items.Add_Stock_Categories_Test"/>
  <testcase name="company_wordTest" time="0.045" classname="com.qa.testcases.Login_Page_Test"/>
  <testcase name="password_wordTest" time="0.037" classname="com.qa.testcases.Login_Page_Test"/>
  <testcase name="Search_Now_Test" time="0.18" classname="com.qa.testcases.items.Items_Page_Test"/>
  <testcase name="Click_On_Items" time="0.734" classname="com.qa.testcases.Home_Page_Test"/>
  <testcase name="locate_Web_table_Test" time="30.43" classname="com.qa.testcases.items.Add_Stock_Categories_Test"/>
  <testcase name="info_message_test" time="0.244" classname="com.qa.testcases.items.Items_Page_Test"/>
  <testcase name="Click_On_Insert_New_Item_Page" time="0.2" classname="com.qa.testcases.items.Items_Page_Test"/>
  <testcase name="Password_Place_Holder_Test" time="0.0" classname="com.qa.testcases.Login_Page_Test">
    <skipped/>
  </testcase> <!-- Password_Place_Holder_Test -->
  <testcase name="Login_Test" time="0.0" classname="com.qa.testcases.Login_Page_Test">
    <skipped/>
  </testcase> <!-- Login_Test -->
  <testcase name="Blank_Login_Test" time="0.0" classname="com.qa.testcases.Login_Page_Test">
    <skipped/>
  </testcase> <!-- Blank_Login_Test -->
</testsuite> <!-- Test -->
