<?xml version="1.0" encoding="UTF-8"?>
<testng-results skipped="3" failed="0" ignored="0" total="22" passed="19">
  <reporter-output>
  </reporter-output>
  <suite name="Suite" duration-ms="177139" started-at="2019-12-31T10:38:07Z" finished-at="2019-12-31T10:41:04Z">
    <groups>
      <group name="Regression">
        <method signature="Login_Page_Test.Username_Place_Holder_Test()[pri:2, instance:com.qa.testcases.Login_Page_Test@61f8bee4]" name="Username_Place_Holder_Test" class="com.qa.testcases.Login_Page_Test"/>
        <method signature="Login_Page_Test.Username_Word_Test()[pri:1, instance:com.qa.testcases.Login_Page_Test@61f8bee4]" name="Username_Word_Test" class="com.qa.testcases.Login_Page_Test"/>
        <method signature="Login_Page_Test.password_wordTest()[pri:3, instance:com.qa.testcases.Login_Page_Test@61f8bee4]" name="password_wordTest" class="com.qa.testcases.Login_Page_Test"/>
      </group> <!-- Regression -->
      <group name="Smoke">
        <method signature="Login_Page_Test.Logo_Test()[pri:2, instance:com.qa.testcases.Login_Page_Test@61f8bee4]" name="Logo_Test" class="com.qa.testcases.Login_Page_Test"/>
        <method signature="Login_Page_Test.company_wordTest()[pri:3, instance:com.qa.testcases.Login_Page_Test@61f8bee4]" name="company_wordTest" class="com.qa.testcases.Login_Page_Test"/>
        <method signature="Login_Page_Test.loginPageTitle_Test()[pri:1, instance:com.qa.testcases.Login_Page_Test@61f8bee4]" name="loginPageTitle_Test" class="com.qa.testcases.Login_Page_Test"/>
      </group> <!-- Smoke -->
    </groups>
    <test name="Test" duration-ms="177139" started-at="2019-12-31T10:38:07Z" finished-at="2019-12-31T10:41:04Z">
      <class name="com.qa.testcases.Home_Page_Test">
        <test-method status="PASS" signature="setUp()[pri:0, instance:com.qa.testcases.Home_Page_Test@887af79]" name="setUp" is-config="true" duration-ms="4376" started-at="2019-12-31T10:39:37Z" finished-at="2019-12-31T10:39:41Z">
          <reporter-output>
          </reporter-output>
        </test-method> <!-- setUp -->
        <test-method status="PASS" signature="validate_EProcBilling_Word()[pri:2, instance:com.qa.testcases.Home_Page_Test@887af79]" name="validate_EProcBilling_Word" duration-ms="30" started-at="2019-12-31T10:39:41Z" finished-at="2019-12-31T10:39:41Z">
          <reporter-output>
          </reporter-output>
        </test-method> <!-- validate_EProcBilling_Word -->
        <test-method status="PASS" signature="teardown()[pri:0, instance:com.qa.testcases.Home_Page_Test@887af79]" name="teardown" is-config="true" duration-ms="673" started-at="2019-12-31T10:39:41Z" finished-at="2019-12-31T10:39:42Z">
          <reporter-output>
          </reporter-output>
        </test-method> <!-- teardown -->
        <test-method status="PASS" signature="setUp()[pri:0, instance:com.qa.testcases.Home_Page_Test@887af79]" name="setUp" is-config="true" duration-ms="4944" started-at="2019-12-31T10:40:02Z" finished-at="2019-12-31T10:40:07Z">
          <reporter-output>
          </reporter-output>
        </test-method> <!-- setUp -->
        <test-method status="PASS" signature="Click_On_Items()[pri:3, instance:com.qa.testcases.Home_Page_Test@887af79]" name="Click_On_Items" duration-ms="734" started-at="2019-12-31T10:40:07Z" finished-at="2019-12-31T10:40:08Z">
          <reporter-output>
          </reporter-output>
        </test-method> <!-- Click_On_Items -->
        <test-method status="PASS" signature="teardown()[pri:0, instance:com.qa.testcases.Home_Page_Test@887af79]" name="teardown" is-config="true" duration-ms="701" started-at="2019-12-31T10:40:08Z" finished-at="2019-12-31T10:40:09Z">
          <reporter-output>
          </reporter-output>
        </test-method> <!-- teardown -->
      </class> <!-- com.qa.testcases.Home_Page_Test -->
      <class name="com.qa.testcases.items.Add_Stock_Categories_Test">
        <test-method status="PASS" signature="setUp()[pri:0, instance:com.qa.testcases.items.Add_Stock_Categories_Test@7fac631b]" name="setUp" is-config="true" duration-ms="5303" started-at="2019-12-31T10:39:06Z" finished-at="2019-12-31T10:39:12Z">
          <reporter-output>
          </reporter-output>
        </test-method> <!-- setUp -->
        <test-method status="PASS" signature="Add_Stock_Categories_Title_Test()[pri:1, instance:com.qa.testcases.items.Add_Stock_Categories_Test@7fac631b]" name="Add_Stock_Categories_Title_Test" duration-ms="36" started-at="2019-12-31T10:39:12Z" finished-at="2019-12-31T10:39:12Z">
          <reporter-output>
          </reporter-output>
        </test-method> <!-- Add_Stock_Categories_Title_Test -->
        <test-method status="PASS" signature="teardown()[pri:0, instance:com.qa.testcases.items.Add_Stock_Categories_Test@7fac631b]" name="teardown" is-config="true" duration-ms="654" started-at="2019-12-31T10:39:12Z" finished-at="2019-12-31T10:39:12Z">
          <reporter-output>
          </reporter-output>
        </test-method> <!-- teardown -->
        <test-method status="PASS" signature="setUp()[pri:0, instance:com.qa.testcases.items.Add_Stock_Categories_Test@7fac631b]" name="setUp" is-config="true" duration-ms="5590" started-at="2019-12-31T10:39:42Z" finished-at="2019-12-31T10:39:48Z">
          <reporter-output>
          </reporter-output>
        </test-method> <!-- setUp -->
        <test-method status="PASS" signature="Table_Test()[pri:2, instance:com.qa.testcases.items.Add_Stock_Categories_Test@7fac631b]" name="Table_Test" duration-ms="36" started-at="2019-12-31T10:39:48Z" finished-at="2019-12-31T10:39:48Z">
          <reporter-output>
          </reporter-output>
        </test-method> <!-- Table_Test -->
        <test-method status="PASS" signature="teardown()[pri:0, instance:com.qa.testcases.items.Add_Stock_Categories_Test@7fac631b]" name="teardown" is-config="true" duration-ms="679" started-at="2019-12-31T10:39:48Z" finished-at="2019-12-31T10:39:48Z">
          <reporter-output>
          </reporter-output>
        </test-method> <!-- teardown -->
        <test-method status="PASS" signature="setUp()[pri:0, instance:com.qa.testcases.items.Add_Stock_Categories_Test@7fac631b]" name="setUp" is-config="true" duration-ms="5771" started-at="2019-12-31T10:40:09Z" finished-at="2019-12-31T10:40:14Z">
          <reporter-output>
          </reporter-output>
        </test-method> <!-- setUp -->
        <test-method status="PASS" signature="locate_Web_table_Test()[pri:3, instance:com.qa.testcases.items.Add_Stock_Categories_Test@7fac631b]" name="locate_Web_table_Test" duration-ms="30430" started-at="2019-12-31T10:40:14Z" finished-at="2019-12-31T10:40:45Z">
          <reporter-output>
          </reporter-output>
        </test-method> <!-- locate_Web_table_Test -->
        <test-method status="PASS" signature="teardown()[pri:0, instance:com.qa.testcases.items.Add_Stock_Categories_Test@7fac631b]" name="teardown" is-config="true" duration-ms="672" started-at="2019-12-31T10:40:45Z" finished-at="2019-12-31T10:40:46Z">
          <reporter-output>
          </reporter-output>
        </test-method> <!-- teardown -->
      </class> <!-- com.qa.testcases.items.Add_Stock_Categories_Test -->
      <class name="com.qa.testcases.items.Items_Page_Test">
        <test-method status="PASS" signature="setUp()[pri:0, instance:com.qa.testcases.items.Items_Page_Test@7b49cea0]" name="setUp" is-config="true" duration-ms="4732" started-at="2019-12-31T10:39:01Z" finished-at="2019-12-31T10:39:06Z">
          <reporter-output>
          </reporter-output>
        </test-method> <!-- setUp -->
        <test-method status="PASS" signature="Items_Page_TitleTest()[pri:1, instance:com.qa.testcases.items.Items_Page_Test@7b49cea0]" name="Items_Page_TitleTest" duration-ms="11" started-at="2019-12-31T10:39:06Z" finished-at="2019-12-31T10:39:06Z">
          <reporter-output>
          </reporter-output>
        </test-method> <!-- Items_Page_TitleTest -->
        <test-method status="PASS" signature="teardown()[pri:0, instance:com.qa.testcases.items.Items_Page_Test@7b49cea0]" name="teardown" is-config="true" duration-ms="653" started-at="2019-12-31T10:39:06Z" finished-at="2019-12-31T10:39:06Z">
          <reporter-output>
          </reporter-output>
        </test-method> <!-- teardown -->
        <test-method status="PASS" signature="setUp()[pri:0, instance:com.qa.testcases.items.Items_Page_Test@7b49cea0]" name="setUp" is-config="true" duration-ms="4501" started-at="2019-12-31T10:39:27Z" finished-at="2019-12-31T10:39:31Z">
          <reporter-output>
          </reporter-output>
        </test-method> <!-- setUp -->
        <test-method status="PASS" signature="Stock_Category_Test()[pri:2, instance:com.qa.testcases.items.Items_Page_Test@7b49cea0]" name="Stock_Category_Test" duration-ms="5118" started-at="2019-12-31T10:39:31Z" finished-at="2019-12-31T10:39:36Z">
          <reporter-output>
          </reporter-output>
        </test-method> <!-- Stock_Category_Test -->
        <test-method status="PASS" signature="teardown()[pri:0, instance:com.qa.testcases.items.Items_Page_Test@7b49cea0]" name="teardown" is-config="true" duration-ms="688" started-at="2019-12-31T10:39:36Z" finished-at="2019-12-31T10:39:37Z">
          <reporter-output>
          </reporter-output>
        </test-method> <!-- teardown -->
        <test-method status="PASS" signature="setUp()[pri:0, instance:com.qa.testcases.items.Items_Page_Test@7b49cea0]" name="setUp" is-config="true" duration-ms="4505" started-at="2019-12-31T10:39:57Z" finished-at="2019-12-31T10:40:01Z">
          <reporter-output>
          </reporter-output>
        </test-method> <!-- setUp -->
        <test-method status="PASS" signature="Search_Now_Test()[pri:3, instance:com.qa.testcases.items.Items_Page_Test@7b49cea0]" name="Search_Now_Test" duration-ms="180" started-at="2019-12-31T10:40:01Z" finished-at="2019-12-31T10:40:02Z">
          <reporter-output>
          </reporter-output>
        </test-method> <!-- Search_Now_Test -->
        <test-method status="PASS" signature="teardown()[pri:0, instance:com.qa.testcases.items.Items_Page_Test@7b49cea0]" name="teardown" is-config="true" duration-ms="692" started-at="2019-12-31T10:40:02Z" finished-at="2019-12-31T10:40:02Z">
          <reporter-output>
          </reporter-output>
        </test-method> <!-- teardown -->
        <test-method status="PASS" signature="setUp()[pri:0, instance:com.qa.testcases.items.Items_Page_Test@7b49cea0]" name="setUp" is-config="true" duration-ms="6653" started-at="2019-12-31T10:40:46Z" finished-at="2019-12-31T10:40:52Z">
          <reporter-output>
          </reporter-output>
        </test-method> <!-- setUp -->
        <test-method status="PASS" signature="info_message_test()[pri:4, instance:com.qa.testcases.items.Items_Page_Test@7b49cea0]" name="info_message_test" duration-ms="244" started-at="2019-12-31T10:40:52Z" finished-at="2019-12-31T10:40:52Z">
          <reporter-output>
          </reporter-output>
        </test-method> <!-- info_message_test -->
        <test-method status="PASS" signature="teardown()[pri:0, instance:com.qa.testcases.items.Items_Page_Test@7b49cea0]" name="teardown" is-config="true" duration-ms="642" started-at="2019-12-31T10:40:52Z" finished-at="2019-12-31T10:40:53Z">
          <reporter-output>
          </reporter-output>
        </test-method> <!-- teardown -->
        <test-method status="PASS" signature="setUp()[pri:0, instance:com.qa.testcases.items.Items_Page_Test@7b49cea0]" name="setUp" is-config="true" duration-ms="5895" started-at="2019-12-31T10:40:53Z" finished-at="2019-12-31T10:40:59Z">
          <reporter-output>
          </reporter-output>
        </test-method> <!-- setUp -->
        <test-method status="PASS" signature="Click_On_Insert_New_Item_Page()[pri:5, instance:com.qa.testcases.items.Items_Page_Test@7b49cea0]" name="Click_On_Insert_New_Item_Page" duration-ms="200" started-at="2019-12-31T10:40:59Z" finished-at="2019-12-31T10:40:59Z">
          <reporter-output>
          </reporter-output>
        </test-method> <!-- Click_On_Insert_New_Item_Page -->
        <test-method status="PASS" signature="teardown()[pri:0, instance:com.qa.testcases.items.Items_Page_Test@7b49cea0]" name="teardown" is-config="true" duration-ms="681" started-at="2019-12-31T10:40:59Z" finished-at="2019-12-31T10:41:00Z">
          <reporter-output>
          </reporter-output>
        </test-method> <!-- teardown -->
      </class> <!-- com.qa.testcases.items.Items_Page_Test -->
      <class name="com.qa.testcases.items.Insert_New_Item_Test">
        <test-method status="PASS" signature="setUp()[pri:0, instance:com.qa.testcases.items.Insert_New_Item_Test@4f970963]" name="setUp" is-config="true" duration-ms="28450" started-at="2019-12-31T10:38:08Z" finished-at="2019-12-31T10:38:36Z">
          <reporter-output>
          </reporter-output>
        </test-method> <!-- setUp -->
        <test-method status="PASS" signature="Add_New_Item_Test(java.lang.String, java.lang.String, java.lang.String, java.lang.String, java.lang.String, java.lang.String, java.lang.String, java.lang.String, java.lang.String, java.lang.String, java.lang.String, java.lang.String, java.lang.String, java.lang.String, java.lang.String, java.lang.String, java.lang.String)[pri:1, instance:com.qa.testcases.items.Insert_New_Item_Test@4f970963]" name="Add_New_Item_Test" duration-ms="4682" started-at="2019-12-31T10:38:36Z" data-provider="get_TestData" finished-at="2019-12-31T10:38:41Z">
          <params>
            <param index="0">
              <value>
                <![CDATA[1.0]]>
              </value>
            </param>
            <param index="1">
              <value>
                <![CDATA[Teleitem]]>
              </value>
            </param>
            <param index="2">
              <value>
                <![CDATA[Telecomm]]>
              </value>
            </param>
            <param index="3">
              <value>
                <![CDATA[3.0]]>
              </value>
            </param>
            <param index="4">
              <value>
                <![CDATA[500.0]]>
              </value>
            </param>
            <param index="5">
              <value>
                <![CDATA[10.0]]>
              </value>
            </param>
            <param index="6">
              <value>
                <![CDATA[10.0]]>
              </value>
            </param>
            <param index="7">
              <value>
                <![CDATA[meters]]>
              </value>
            </param>
            <param index="8">
              <value>
                <![CDATA[Purchased]]>
              </value>
            </param>
            <param index="9">
              <value>
                <![CDATA[Current]]>
              </value>
            </param>
            <param index="10">
              <value>
                <![CDATA[Controlled]]>
              </value>
            </param>
            <param index="11">
              <value>
                <![CDATA[Yes]]>
              </value>
            </param>
            <param index="12">
              <value>
                <![CDATA[Yes]]>
              </value>
            </param>
            <param index="13">
              <value>
                <![CDATA[1.0]]>
              </value>
            </param>
            <param index="14">
              <value>
                <![CDATA[lkjh]]>
              </value>
            </param>
            <param index="15">
              <value>
                <![CDATA[10.0]]>
              </value>
            </param>
            <param index="16">
              <value>
                <![CDATA[Freight]]>
              </value>
            </param>
          </params>
          <reporter-output>
          </reporter-output>
        </test-method> <!-- Add_New_Item_Test -->
        <test-method status="PASS" signature="teardown()[pri:0, instance:com.qa.testcases.items.Insert_New_Item_Test@4f970963]" name="teardown" is-config="true" duration-ms="715" started-at="2019-12-31T10:38:41Z" finished-at="2019-12-31T10:38:42Z">
          <reporter-output>
          </reporter-output>
        </test-method> <!-- teardown -->
        <test-method status="PASS" signature="setUp()[pri:0, instance:com.qa.testcases.items.Insert_New_Item_Test@4f970963]" name="setUp" is-config="true" duration-ms="4830" started-at="2019-12-31T10:38:42Z" finished-at="2019-12-31T10:38:46Z">
          <reporter-output>
          </reporter-output>
        </test-method> <!-- setUp -->
        <test-method status="PASS" signature="Add_New_Item_Test(java.lang.String, java.lang.String, java.lang.String, java.lang.String, java.lang.String, java.lang.String, java.lang.String, java.lang.String, java.lang.String, java.lang.String, java.lang.String, java.lang.String, java.lang.String, java.lang.String, java.lang.String, java.lang.String, java.lang.String)[pri:1, instance:com.qa.testcases.items.Insert_New_Item_Test@4f970963]" name="Add_New_Item_Test" duration-ms="4656" started-at="2019-12-31T10:38:46Z" data-provider="get_TestData" finished-at="2019-12-31T10:38:51Z">
          <params>
            <param index="0">
              <value>
                <![CDATA[2.0]]>
              </value>
            </param>
            <param index="1">
              <value>
                <![CDATA[gadgets]]>
              </value>
            </param>
            <param index="2">
              <value>
                <![CDATA[Mobile]]>
              </value>
            </param>
            <param index="3">
              <value>
                <![CDATA[5.0]]>
              </value>
            </param>
            <param index="4">
              <value>
                <![CDATA[200.0]]>
              </value>
            </param>
            <param index="5">
              <value>
                <![CDATA[2.5]]>
              </value>
            </param>
            <param index="6">
              <value>
                <![CDATA[2.5]]>
              </value>
            </param>
            <param index="7">
              <value>
                <![CDATA[each]]>
              </value>
            </param>
            <param index="8">
              <value>
                <![CDATA[Kit]]>
              </value>
            </param>
            <param index="9">
              <value>
                <![CDATA[Current]]>
              </value>
            </param>
            <param index="10">
              <value>
                <![CDATA[Controlled]]>
              </value>
            </param>
            <param index="11">
              <value>
                <![CDATA[Yes]]>
              </value>
            </param>
            <param index="12">
              <value>
                <![CDATA[Yes]]>
              </value>
            </param>
            <param index="13">
              <value>
                <![CDATA[3.0]]>
              </value>
            </param>
            <param index="14">
              <value>
                <![CDATA[qwer]]>
              </value>
            </param>
            <param index="15">
              <value>
                <![CDATA[15.0]]>
              </value>
            </param>
            <param index="16">
              <value>
                <![CDATA[Luxury Item]]>
              </value>
            </param>
          </params>
          <reporter-output>
          </reporter-output>
        </test-method> <!-- Add_New_Item_Test -->
        <test-method status="PASS" signature="teardown()[pri:0, instance:com.qa.testcases.items.Insert_New_Item_Test@4f970963]" name="teardown" is-config="true" duration-ms="719" started-at="2019-12-31T10:38:51Z" finished-at="2019-12-31T10:38:52Z">
          <reporter-output>
          </reporter-output>
        </test-method> <!-- teardown -->
        <test-method status="PASS" signature="setUp()[pri:0, instance:com.qa.testcases.items.Insert_New_Item_Test@4f970963]" name="setUp" is-config="true" duration-ms="4662" started-at="2019-12-31T10:39:12Z" finished-at="2019-12-31T10:39:17Z">
          <reporter-output>
          </reporter-output>
        </test-method> <!-- setUp -->
        <test-method status="PASS" signature="Click_On_Add_Stock_Categories_Test()[pri:2, instance:com.qa.testcases.items.Insert_New_Item_Test@4f970963]" name="Click_On_Add_Stock_Categories_Test" duration-ms="126" started-at="2019-12-31T10:39:17Z" finished-at="2019-12-31T10:39:17Z">
          <reporter-output>
          </reporter-output>
        </test-method> <!-- Click_On_Add_Stock_Categories_Test -->
        <test-method status="PASS" signature="teardown()[pri:0, instance:com.qa.testcases.items.Insert_New_Item_Test@4f970963]" name="teardown" is-config="true" duration-ms="679" started-at="2019-12-31T10:39:17Z" finished-at="2019-12-31T10:39:18Z">
          <reporter-output>
          </reporter-output>
        </test-method> <!-- teardown -->
      </class> <!-- com.qa.testcases.items.Insert_New_Item_Test -->
      <class name="com.qa.testcases.Login_Page_Test">
        <test-method status="PASS" signature="setUp()[pri:0, instance:com.qa.testcases.Login_Page_Test@61f8bee4]" name="setUp" is-config="true" duration-ms="3645" started-at="2019-12-31T10:38:52Z" finished-at="2019-12-31T10:38:55Z">
          <reporter-output>
          </reporter-output>
        </test-method> <!-- setUp -->
        <test-method status="PASS" signature="Username_Word_Test()[pri:1, instance:com.qa.testcases.Login_Page_Test@61f8bee4]" name="Username_Word_Test" duration-ms="56" started-at="2019-12-31T10:38:55Z" finished-at="2019-12-31T10:38:55Z">
          <reporter-output>
          </reporter-output>
        </test-method> <!-- Username_Word_Test -->
        <test-method status="PASS" signature="teardown()[pri:0, instance:com.qa.testcases.Login_Page_Test@61f8bee4]" name="teardown" is-config="true" duration-ms="702" started-at="2019-12-31T10:38:55Z" finished-at="2019-12-31T10:38:56Z">
          <reporter-output>
          </reporter-output>
        </test-method> <!-- teardown -->
        <test-method status="PASS" signature="setUp()[pri:0, instance:com.qa.testcases.Login_Page_Test@61f8bee4]" name="setUp" is-config="true" duration-ms="4132" started-at="2019-12-31T10:38:56Z" finished-at="2019-12-31T10:39:00Z">
          <reporter-output>
          </reporter-output>
        </test-method> <!-- setUp -->
        <test-method status="PASS" signature="loginPageTitle_Test()[pri:1, instance:com.qa.testcases.Login_Page_Test@61f8bee4]" name="loginPageTitle_Test" duration-ms="11" started-at="2019-12-31T10:39:00Z" finished-at="2019-12-31T10:39:00Z">
          <reporter-output>
          </reporter-output>
        </test-method> <!-- loginPageTitle_Test -->
        <test-method status="PASS" signature="teardown()[pri:0, instance:com.qa.testcases.Login_Page_Test@61f8bee4]" name="teardown" is-config="true" duration-ms="669" started-at="2019-12-31T10:39:00Z" finished-at="2019-12-31T10:39:01Z">
          <reporter-output>
          </reporter-output>
        </test-method> <!-- teardown -->
        <test-method status="PASS" signature="setUp()[pri:0, instance:com.qa.testcases.Login_Page_Test@61f8bee4]" name="setUp" is-config="true" duration-ms="3634" started-at="2019-12-31T10:39:18Z" finished-at="2019-12-31T10:39:21Z">
          <reporter-output>
          </reporter-output>
        </test-method> <!-- setUp -->
        <test-method status="PASS" signature="Logo_Test()[pri:2, instance:com.qa.testcases.Login_Page_Test@61f8bee4]" name="Logo_Test" duration-ms="48" started-at="2019-12-31T10:39:21Z" finished-at="2019-12-31T10:39:22Z">
          <reporter-output>
          </reporter-output>
        </test-method> <!-- Logo_Test -->
        <test-method status="PASS" signature="teardown()[pri:0, instance:com.qa.testcases.Login_Page_Test@61f8bee4]" name="teardown" is-config="true" duration-ms="780" started-at="2019-12-31T10:39:22Z" finished-at="2019-12-31T10:39:22Z">
          <reporter-output>
          </reporter-output>
        </test-method> <!-- teardown -->
        <test-method status="PASS" signature="setUp()[pri:0, instance:com.qa.testcases.Login_Page_Test@61f8bee4]" name="setUp" is-config="true" duration-ms="3638" started-at="2019-12-31T10:39:22Z" finished-at="2019-12-31T10:39:26Z">
          <reporter-output>
          </reporter-output>
        </test-method> <!-- setUp -->
        <test-method status="PASS" signature="Username_Place_Holder_Test()[pri:2, instance:com.qa.testcases.Login_Page_Test@61f8bee4]" name="Username_Place_Holder_Test" duration-ms="42" started-at="2019-12-31T10:39:26Z" finished-at="2019-12-31T10:39:26Z">
          <reporter-output>
          </reporter-output>
        </test-method> <!-- Username_Place_Holder_Test -->
        <test-method status="PASS" signature="teardown()[pri:0, instance:com.qa.testcases.Login_Page_Test@61f8bee4]" name="teardown" is-config="true" duration-ms="630" started-at="2019-12-31T10:39:26Z" finished-at="2019-12-31T10:39:27Z">
          <reporter-output>
          </reporter-output>
        </test-method> <!-- teardown -->
        <test-method status="PASS" signature="setUp()[pri:0, instance:com.qa.testcases.Login_Page_Test@61f8bee4]" name="setUp" is-config="true" duration-ms="3566" started-at="2019-12-31T10:39:48Z" finished-at="2019-12-31T10:39:52Z">
          <reporter-output>
          </reporter-output>
        </test-method> <!-- setUp -->
        <test-method status="PASS" signature="company_wordTest()[pri:3, instance:com.qa.testcases.Login_Page_Test@61f8bee4]" name="company_wordTest" duration-ms="45" started-at="2019-12-31T10:39:52Z" finished-at="2019-12-31T10:39:52Z">
          <reporter-output>
          </reporter-output>
        </test-method> <!-- company_wordTest -->
        <test-method status="PASS" signature="teardown()[pri:0, instance:com.qa.testcases.Login_Page_Test@61f8bee4]" name="teardown" is-config="true" duration-ms="667" started-at="2019-12-31T10:39:52Z" finished-at="2019-12-31T10:39:53Z">
          <reporter-output>
          </reporter-output>
        </test-method> <!-- teardown -->
        <test-method status="PASS" signature="setUp()[pri:0, instance:com.qa.testcases.Login_Page_Test@61f8bee4]" name="setUp" is-config="true" duration-ms="3576" started-at="2019-12-31T10:39:53Z" finished-at="2019-12-31T10:39:56Z">
          <reporter-output>
          </reporter-output>
        </test-method> <!-- setUp -->
        <test-method status="PASS" signature="password_wordTest()[pri:3, instance:com.qa.testcases.Login_Page_Test@61f8bee4]" name="password_wordTest" duration-ms="37" started-at="2019-12-31T10:39:56Z" finished-at="2019-12-31T10:39:56Z">
          <reporter-output>
          </reporter-output>
        </test-method> <!-- password_wordTest -->
        <test-method status="PASS" signature="teardown()[pri:0, instance:com.qa.testcases.Login_Page_Test@61f8bee4]" name="teardown" is-config="true" duration-ms="649" started-at="2019-12-31T10:39:56Z" finished-at="2019-12-31T10:39:57Z">
          <reporter-output>
          </reporter-output>
        </test-method> <!-- teardown -->
        <test-method status="FAIL" signature="setUp()[pri:0, instance:com.qa.testcases.Login_Page_Test@61f8bee4]" name="setUp" is-config="true" duration-ms="3966" started-at="2019-12-31T10:41:00Z" finished-at="2019-12-31T10:41:04Z">
          <exception class="org.openqa.selenium.WebDriverException">
            <message>
              <![CDATA[disconnected: not connected to DevTools
  (Session info: chrome=79.0.3945.88)
Build info: version: '4.0.0-alpha-3', revision: '8c567de6dc'
System info: host: 'LAPTOP-R70E16ME', ip: '192.168.0.103', os.name: 'Windows 10', os.arch: 'amd64', os.version: '10.0', java.version: '1.8.0_211'
Driver info: org.openqa.selenium.chrome.ChromeDriver
Capabilities {acceptInsecureCerts: false, browserName: chrome, browserVersion: 79.0.3945.88, chrome: {chromedriverVersion: 79.0.3945.36 (3582db32b3389..., userDataDir: C:\Users\DATTAT~1\AppData\L...}, goog:chromeOptions: {debuggerAddress: localhost:57781}, javascriptEnabled: true, networkConnectionEnabled: false, pageLoadStrategy: normal, platform: WINDOWS, platformName: WINDOWS, proxy: Proxy(), setWindowRect: true, strictFileInteractability: false, timeouts: {implicit: 0, pageLoad: 300000, script: 30000}, unhandledPromptBehavior: dismiss and notify}
Session ID: 4ee8131a2eecff3a6cc1371a1d79e2e0]]>
            </message>
            <full-stacktrace>
              <![CDATA[org.openqa.selenium.WebDriverException: disconnected: not connected to DevTools
  (Session info: chrome=79.0.3945.88)
Build info: version: '4.0.0-alpha-3', revision: '8c567de6dc'
System info: host: 'LAPTOP-R70E16ME', ip: '192.168.0.103', os.name: 'Windows 10', os.arch: 'amd64', os.version: '10.0', java.version: '1.8.0_211'
Driver info: org.openqa.selenium.chrome.ChromeDriver
Capabilities {acceptInsecureCerts: false, browserName: chrome, browserVersion: 79.0.3945.88, chrome: {chromedriverVersion: 79.0.3945.36 (3582db32b3389..., userDataDir: C:\Users\DATTAT~1\AppData\L...}, goog:chromeOptions: {debuggerAddress: localhost:57781}, javascriptEnabled: true, networkConnectionEnabled: false, pageLoadStrategy: normal, platform: WINDOWS, platformName: WINDOWS, proxy: Proxy(), setWindowRect: true, strictFileInteractability: false, timeouts: {implicit: 0, pageLoad: 300000, script: 30000}, unhandledPromptBehavior: dismiss and notify}
Session ID: 4ee8131a2eecff3a6cc1371a1d79e2e0
at sun.reflect.NativeConstructorAccessorImpl.newInstance0(Native Method)
at sun.reflect.NativeConstructorAccessorImpl.newInstance(Unknown Source)
at sun.reflect.DelegatingConstructorAccessorImpl.newInstance(Unknown Source)
at java.lang.reflect.Constructor.newInstance(Unknown Source)
at org.openqa.selenium.remote.codec.w3c.W3CHttpResponseCodec.createException(W3CHttpResponseCodec.java:191)
at org.openqa.selenium.remote.codec.w3c.W3CHttpResponseCodec.decode(W3CHttpResponseCodec.java:125)
at org.openqa.selenium.remote.codec.w3c.W3CHttpResponseCodec.decode(W3CHttpResponseCodec.java:52)
at org.openqa.selenium.remote.HttpCommandExecutor.execute(HttpCommandExecutor.java:161)
at org.openqa.selenium.remote.service.DriverCommandExecutor.execute(DriverCommandExecutor.java:83)
at org.openqa.selenium.remote.RemoteWebDriver.execute(RemoteWebDriver.java:576)
at org.openqa.selenium.remote.RemoteWebDriver.execute(RemoteWebDriver.java:633)
at org.openqa.selenium.remote.RemoteWebDriver.execute(RemoteWebDriver.java:637)
at org.openqa.selenium.remote.RemoteWebDriver$RemoteWebDriverOptions$RemoteWindow.maximize(RemoteWebDriver.java:884)
at com.qa.base.Test_Base.initialization(Test_Base.java:70)
at com.qa.testcases.Login_Page_Test.setUp(Login_Page_Test.java:24)
at sun.reflect.NativeMethodAccessorImpl.invoke0(Native Method)
at sun.reflect.NativeMethodAccessorImpl.invoke(Unknown Source)
at sun.reflect.DelegatingMethodAccessorImpl.invoke(Unknown Source)
at java.lang.reflect.Method.invoke(Unknown Source)
at org.testng.internal.MethodInvocationHelper.invokeMethod(MethodInvocationHelper.java:124)
at org.testng.internal.MethodInvocationHelper.invokeMethodConsideringTimeout(MethodInvocationHelper.java:59)
at org.testng.internal.Invoker.invokeConfigurationMethod(Invoker.java:458)
at org.testng.internal.Invoker.invokeConfigurations(Invoker.java:222)
at org.testng.internal.Invoker.invokeMethod(Invoker.java:523)
at org.testng.internal.Invoker.invokeTestMethod(Invoker.java:719)
at org.testng.internal.Invoker.invokeTestMethods(Invoker.java:989)
at org.testng.internal.TestMethodWorker.invokeTestMethods(TestMethodWorker.java:125)
at org.testng.internal.TestMethodWorker.run(TestMethodWorker.java:109)
at org.testng.TestRunner.privateRun(TestRunner.java:648)
at org.testng.TestRunner.run(TestRunner.java:505)
at org.testng.SuiteRunner.runTest(SuiteRunner.java:455)
at org.testng.SuiteRunner.access$000(SuiteRunner.java:40)
at org.testng.SuiteRunner$SuiteWorker.run(SuiteRunner.java:489)
at org.testng.internal.thread.ThreadUtil$1.call(ThreadUtil.java:52)
at java.util.concurrent.FutureTask.run(Unknown Source)
at java.util.concurrent.ThreadPoolExecutor.runWorker(Unknown Source)
at java.util.concurrent.ThreadPoolExecutor$Worker.run(Unknown Source)
at java.lang.Thread.run(Unknown Source)
]]>
            </full-stacktrace>
          </exception> <!-- org.openqa.selenium.WebDriverException -->
          <reporter-output>
          </reporter-output>
        </test-method> <!-- setUp -->
        <test-method status="SKIP" signature="Password_Place_Holder_Test()[pri:8, instance:com.qa.testcases.Login_Page_Test@61f8bee4]" name="Password_Place_Holder_Test" duration-ms="0" started-at="2019-12-31T10:41:04Z" finished-at="2019-12-31T10:41:04Z">
          <exception class="org.openqa.selenium.WebDriverException">
            <message>
              <![CDATA[disconnected: not connected to DevTools
  (Session info: chrome=79.0.3945.88)
Build info: version: '4.0.0-alpha-3', revision: '8c567de6dc'
System info: host: 'LAPTOP-R70E16ME', ip: '192.168.0.103', os.name: 'Windows 10', os.arch: 'amd64', os.version: '10.0', java.version: '1.8.0_211'
Driver info: org.openqa.selenium.chrome.ChromeDriver
Capabilities {acceptInsecureCerts: false, browserName: chrome, browserVersion: 79.0.3945.88, chrome: {chromedriverVersion: 79.0.3945.36 (3582db32b3389..., userDataDir: C:\Users\DATTAT~1\AppData\L...}, goog:chromeOptions: {debuggerAddress: localhost:57781}, javascriptEnabled: true, networkConnectionEnabled: false, pageLoadStrategy: normal, platform: WINDOWS, platformName: WINDOWS, proxy: Proxy(), setWindowRect: true, strictFileInteractability: false, timeouts: {implicit: 0, pageLoad: 300000, script: 30000}, unhandledPromptBehavior: dismiss and notify}
Session ID: 4ee8131a2eecff3a6cc1371a1d79e2e0]]>
            </message>
            <full-stacktrace>
              <![CDATA[org.openqa.selenium.WebDriverException: disconnected: not connected to DevTools
  (Session info: chrome=79.0.3945.88)
Build info: version: '4.0.0-alpha-3', revision: '8c567de6dc'
System info: host: 'LAPTOP-R70E16ME', ip: '192.168.0.103', os.name: 'Windows 10', os.arch: 'amd64', os.version: '10.0', java.version: '1.8.0_211'
Driver info: org.openqa.selenium.chrome.ChromeDriver
Capabilities {acceptInsecureCerts: false, browserName: chrome, browserVersion: 79.0.3945.88, chrome: {chromedriverVersion: 79.0.3945.36 (3582db32b3389..., userDataDir: C:\Users\DATTAT~1\AppData\L...}, goog:chromeOptions: {debuggerAddress: localhost:57781}, javascriptEnabled: true, networkConnectionEnabled: false, pageLoadStrategy: normal, platform: WINDOWS, platformName: WINDOWS, proxy: Proxy(), setWindowRect: true, strictFileInteractability: false, timeouts: {implicit: 0, pageLoad: 300000, script: 30000}, unhandledPromptBehavior: dismiss and notify}
Session ID: 4ee8131a2eecff3a6cc1371a1d79e2e0
at sun.reflect.NativeConstructorAccessorImpl.newInstance0(Native Method)
at sun.reflect.NativeConstructorAccessorImpl.newInstance(Unknown Source)
at sun.reflect.DelegatingConstructorAccessorImpl.newInstance(Unknown Source)
at java.lang.reflect.Constructor.newInstance(Unknown Source)
at org.openqa.selenium.remote.codec.w3c.W3CHttpResponseCodec.createException(W3CHttpResponseCodec.java:191)
at org.openqa.selenium.remote.codec.w3c.W3CHttpResponseCodec.decode(W3CHttpResponseCodec.java:125)
at org.openqa.selenium.remote.codec.w3c.W3CHttpResponseCodec.decode(W3CHttpResponseCodec.java:52)
at org.openqa.selenium.remote.HttpCommandExecutor.execute(HttpCommandExecutor.java:161)
at org.openqa.selenium.remote.service.DriverCommandExecutor.execute(DriverCommandExecutor.java:83)
at org.openqa.selenium.remote.RemoteWebDriver.execute(RemoteWebDriver.java:576)
at org.openqa.selenium.remote.RemoteWebDriver.execute(RemoteWebDriver.java:633)
at org.openqa.selenium.remote.RemoteWebDriver.execute(RemoteWebDriver.java:637)
at org.openqa.selenium.remote.RemoteWebDriver$RemoteWebDriverOptions$RemoteWindow.maximize(RemoteWebDriver.java:884)
at com.qa.base.Test_Base.initialization(Test_Base.java:70)
at com.qa.testcases.Login_Page_Test.setUp(Login_Page_Test.java:24)
at sun.reflect.NativeMethodAccessorImpl.invoke0(Native Method)
at sun.reflect.NativeMethodAccessorImpl.invoke(Unknown Source)
at sun.reflect.DelegatingMethodAccessorImpl.invoke(Unknown Source)
at java.lang.reflect.Method.invoke(Unknown Source)
at org.testng.internal.MethodInvocationHelper.invokeMethod(MethodInvocationHelper.java:124)
at org.testng.internal.MethodInvocationHelper.invokeMethodConsideringTimeout(MethodInvocationHelper.java:59)
at org.testng.internal.Invoker.invokeConfigurationMethod(Invoker.java:458)
at org.testng.internal.Invoker.invokeConfigurations(Invoker.java:222)
at org.testng.internal.Invoker.invokeMethod(Invoker.java:523)
at org.testng.internal.Invoker.invokeTestMethod(Invoker.java:719)
at org.testng.internal.Invoker.invokeTestMethods(Invoker.java:989)
at org.testng.internal.TestMethodWorker.invokeTestMethods(TestMethodWorker.java:125)
at org.testng.internal.TestMethodWorker.run(TestMethodWorker.java:109)
at org.testng.TestRunner.privateRun(TestRunner.java:648)
at org.testng.TestRunner.run(TestRunner.java:505)
at org.testng.SuiteRunner.runTest(SuiteRunner.java:455)
at org.testng.SuiteRunner.access$000(SuiteRunner.java:40)
at org.testng.SuiteRunner$SuiteWorker.run(SuiteRunner.java:489)
at org.testng.internal.thread.ThreadUtil$1.call(ThreadUtil.java:52)
at java.util.concurrent.FutureTask.run(Unknown Source)
at java.util.concurrent.ThreadPoolExecutor.runWorker(Unknown Source)
at java.util.concurrent.ThreadPoolExecutor$Worker.run(Unknown Source)
at java.lang.Thread.run(Unknown Source)
]]>
            </full-stacktrace>
          </exception> <!-- org.openqa.selenium.WebDriverException -->
          <reporter-output>
          </reporter-output>
        </test-method> <!-- Password_Place_Holder_Test -->
        <test-method status="SKIP" signature="teardown()[pri:0, instance:com.qa.testcases.Login_Page_Test@61f8bee4]" name="teardown" is-config="true" duration-ms="0" started-at="2019-12-31T10:41:04Z" finished-at="2019-12-31T10:41:04Z">
          <reporter-output>
          </reporter-output>
        </test-method> <!-- teardown -->
        <test-method status="SKIP" signature="Login_Test()[pri:9, instance:com.qa.testcases.Login_Page_Test@61f8bee4]" name="Login_Test" duration-ms="0" started-at="2019-12-31T10:41:04Z" finished-at="2019-12-31T10:41:04Z">
          <exception class="org.openqa.selenium.WebDriverException">
            <message>
              <![CDATA[disconnected: not connected to DevTools
  (Session info: chrome=79.0.3945.88)
Build info: version: '4.0.0-alpha-3', revision: '8c567de6dc'
System info: host: 'LAPTOP-R70E16ME', ip: '192.168.0.103', os.name: 'Windows 10', os.arch: 'amd64', os.version: '10.0', java.version: '1.8.0_211'
Driver info: org.openqa.selenium.chrome.ChromeDriver
Capabilities {acceptInsecureCerts: false, browserName: chrome, browserVersion: 79.0.3945.88, chrome: {chromedriverVersion: 79.0.3945.36 (3582db32b3389..., userDataDir: C:\Users\DATTAT~1\AppData\L...}, goog:chromeOptions: {debuggerAddress: localhost:57781}, javascriptEnabled: true, networkConnectionEnabled: false, pageLoadStrategy: normal, platform: WINDOWS, platformName: WINDOWS, proxy: Proxy(), setWindowRect: true, strictFileInteractability: false, timeouts: {implicit: 0, pageLoad: 300000, script: 30000}, unhandledPromptBehavior: dismiss and notify}
Session ID: 4ee8131a2eecff3a6cc1371a1d79e2e0]]>
            </message>
            <full-stacktrace>
              <![CDATA[org.openqa.selenium.WebDriverException: disconnected: not connected to DevTools
  (Session info: chrome=79.0.3945.88)
Build info: version: '4.0.0-alpha-3', revision: '8c567de6dc'
System info: host: 'LAPTOP-R70E16ME', ip: '192.168.0.103', os.name: 'Windows 10', os.arch: 'amd64', os.version: '10.0', java.version: '1.8.0_211'
Driver info: org.openqa.selenium.chrome.ChromeDriver
Capabilities {acceptInsecureCerts: false, browserName: chrome, browserVersion: 79.0.3945.88, chrome: {chromedriverVersion: 79.0.3945.36 (3582db32b3389..., userDataDir: C:\Users\DATTAT~1\AppData\L...}, goog:chromeOptions: {debuggerAddress: localhost:57781}, javascriptEnabled: true, networkConnectionEnabled: false, pageLoadStrategy: normal, platform: WINDOWS, platformName: WINDOWS, proxy: Proxy(), setWindowRect: true, strictFileInteractability: false, timeouts: {implicit: 0, pageLoad: 300000, script: 30000}, unhandledPromptBehavior: dismiss and notify}
Session ID: 4ee8131a2eecff3a6cc1371a1d79e2e0
at sun.reflect.NativeConstructorAccessorImpl.newInstance0(Native Method)
at sun.reflect.NativeConstructorAccessorImpl.newInstance(Unknown Source)
at sun.reflect.DelegatingConstructorAccessorImpl.newInstance(Unknown Source)
at java.lang.reflect.Constructor.newInstance(Unknown Source)
at org.openqa.selenium.remote.codec.w3c.W3CHttpResponseCodec.createException(W3CHttpResponseCodec.java:191)
at org.openqa.selenium.remote.codec.w3c.W3CHttpResponseCodec.decode(W3CHttpResponseCodec.java:125)
at org.openqa.selenium.remote.codec.w3c.W3CHttpResponseCodec.decode(W3CHttpResponseCodec.java:52)
at org.openqa.selenium.remote.HttpCommandExecutor.execute(HttpCommandExecutor.java:161)
at org.openqa.selenium.remote.service.DriverCommandExecutor.execute(DriverCommandExecutor.java:83)
at org.openqa.selenium.remote.RemoteWebDriver.execute(RemoteWebDriver.java:576)
at org.openqa.selenium.remote.RemoteWebDriver.execute(RemoteWebDriver.java:633)
at org.openqa.selenium.remote.RemoteWebDriver.execute(RemoteWebDriver.java:637)
at org.openqa.selenium.remote.RemoteWebDriver$RemoteWebDriverOptions$RemoteWindow.maximize(RemoteWebDriver.java:884)
at com.qa.base.Test_Base.initialization(Test_Base.java:70)
at com.qa.testcases.Login_Page_Test.setUp(Login_Page_Test.java:24)
at sun.reflect.NativeMethodAccessorImpl.invoke0(Native Method)
at sun.reflect.NativeMethodAccessorImpl.invoke(Unknown Source)
at sun.reflect.DelegatingMethodAccessorImpl.invoke(Unknown Source)
at java.lang.reflect.Method.invoke(Unknown Source)
at org.testng.internal.MethodInvocationHelper.invokeMethod(MethodInvocationHelper.java:124)
at org.testng.internal.MethodInvocationHelper.invokeMethodConsideringTimeout(MethodInvocationHelper.java:59)
at org.testng.internal.Invoker.invokeConfigurationMethod(Invoker.java:458)
at org.testng.internal.Invoker.invokeConfigurations(Invoker.java:222)
at org.testng.internal.Invoker.invokeMethod(Invoker.java:523)
at org.testng.internal.Invoker.invokeTestMethod(Invoker.java:719)
at org.testng.internal.Invoker.invokeTestMethods(Invoker.java:989)
at org.testng.internal.TestMethodWorker.invokeTestMethods(TestMethodWorker.java:125)
at org.testng.internal.TestMethodWorker.run(TestMethodWorker.java:109)
at org.testng.TestRunner.privateRun(TestRunner.java:648)
at org.testng.TestRunner.run(TestRunner.java:505)
at org.testng.SuiteRunner.runTest(SuiteRunner.java:455)
at org.testng.SuiteRunner.access$000(SuiteRunner.java:40)
at org.testng.SuiteRunner$SuiteWorker.run(SuiteRunner.java:489)
at org.testng.internal.thread.ThreadUtil$1.call(ThreadUtil.java:52)
at java.util.concurrent.FutureTask.run(Unknown Source)
at java.util.concurrent.ThreadPoolExecutor.runWorker(Unknown Source)
at java.util.concurrent.ThreadPoolExecutor$Worker.run(Unknown Source)
at java.lang.Thread.run(Unknown Source)
]]>
            </full-stacktrace>
          </exception> <!-- org.openqa.selenium.WebDriverException -->
          <reporter-output>
          </reporter-output>
        </test-method> <!-- Login_Test -->
        <test-method status="SKIP" signature="setUp()[pri:0, instance:com.qa.testcases.Login_Page_Test@61f8bee4]" name="setUp" is-config="true" duration-ms="0" started-at="2019-12-31T10:41:04Z" finished-at="2019-12-31T10:41:04Z">
          <reporter-output>
          </reporter-output>
        </test-method> <!-- setUp -->
        <test-method status="SKIP" signature="teardown()[pri:0, instance:com.qa.testcases.Login_Page_Test@61f8bee4]" name="teardown" is-config="true" duration-ms="0" started-at="2019-12-31T10:41:04Z" finished-at="2019-12-31T10:41:04Z">
          <reporter-output>
          </reporter-output>
        </test-method> <!-- teardown -->
        <test-method status="SKIP" signature="teardown()[pri:0, instance:com.qa.testcases.Login_Page_Test@61f8bee4]" name="teardown" is-config="true" duration-ms="0" started-at="2019-12-31T10:41:04Z" finished-at="2019-12-31T10:41:04Z">
          <reporter-output>
          </reporter-output>
        </test-method> <!-- teardown -->
        <test-method status="SKIP" signature="setUp()[pri:0, instance:com.qa.testcases.Login_Page_Test@61f8bee4]" name="setUp" is-config="true" duration-ms="0" started-at="2019-12-31T10:41:04Z" finished-at="2019-12-31T10:41:04Z">
          <reporter-output>
          </reporter-output>
        </test-method> <!-- setUp -->
        <test-method status="SKIP" signature="Blank_Login_Test()[pri:10, instance:com.qa.testcases.Login_Page_Test@61f8bee4]" name="Blank_Login_Test" duration-ms="0" started-at="2019-12-31T10:41:04Z" finished-at="2019-12-31T10:41:04Z">
          <exception class="org.openqa.selenium.WebDriverException">
            <message>
              <![CDATA[disconnected: not connected to DevTools
  (Session info: chrome=79.0.3945.88)
Build info: version: '4.0.0-alpha-3', revision: '8c567de6dc'
System info: host: 'LAPTOP-R70E16ME', ip: '192.168.0.103', os.name: 'Windows 10', os.arch: 'amd64', os.version: '10.0', java.version: '1.8.0_211'
Driver info: org.openqa.selenium.chrome.ChromeDriver
Capabilities {acceptInsecureCerts: false, browserName: chrome, browserVersion: 79.0.3945.88, chrome: {chromedriverVersion: 79.0.3945.36 (3582db32b3389..., userDataDir: C:\Users\DATTAT~1\AppData\L...}, goog:chromeOptions: {debuggerAddress: localhost:57781}, javascriptEnabled: true, networkConnectionEnabled: false, pageLoadStrategy: normal, platform: WINDOWS, platformName: WINDOWS, proxy: Proxy(), setWindowRect: true, strictFileInteractability: false, timeouts: {implicit: 0, pageLoad: 300000, script: 30000}, unhandledPromptBehavior: dismiss and notify}
Session ID: 4ee8131a2eecff3a6cc1371a1d79e2e0]]>
            </message>
            <full-stacktrace>
              <![CDATA[org.openqa.selenium.WebDriverException: disconnected: not connected to DevTools
  (Session info: chrome=79.0.3945.88)
Build info: version: '4.0.0-alpha-3', revision: '8c567de6dc'
System info: host: 'LAPTOP-R70E16ME', ip: '192.168.0.103', os.name: 'Windows 10', os.arch: 'amd64', os.version: '10.0', java.version: '1.8.0_211'
Driver info: org.openqa.selenium.chrome.ChromeDriver
Capabilities {acceptInsecureCerts: false, browserName: chrome, browserVersion: 79.0.3945.88, chrome: {chromedriverVersion: 79.0.3945.36 (3582db32b3389..., userDataDir: C:\Users\DATTAT~1\AppData\L...}, goog:chromeOptions: {debuggerAddress: localhost:57781}, javascriptEnabled: true, networkConnectionEnabled: false, pageLoadStrategy: normal, platform: WINDOWS, platformName: WINDOWS, proxy: Proxy(), setWindowRect: true, strictFileInteractability: false, timeouts: {implicit: 0, pageLoad: 300000, script: 30000}, unhandledPromptBehavior: dismiss and notify}
Session ID: 4ee8131a2eecff3a6cc1371a1d79e2e0
at sun.reflect.NativeConstructorAccessorImpl.newInstance0(Native Method)
at sun.reflect.NativeConstructorAccessorImpl.newInstance(Unknown Source)
at sun.reflect.DelegatingConstructorAccessorImpl.newInstance(Unknown Source)
at java.lang.reflect.Constructor.newInstance(Unknown Source)
at org.openqa.selenium.remote.codec.w3c.W3CHttpResponseCodec.createException(W3CHttpResponseCodec.java:191)
at org.openqa.selenium.remote.codec.w3c.W3CHttpResponseCodec.decode(W3CHttpResponseCodec.java:125)
at org.openqa.selenium.remote.codec.w3c.W3CHttpResponseCodec.decode(W3CHttpResponseCodec.java:52)
at org.openqa.selenium.remote.HttpCommandExecutor.execute(HttpCommandExecutor.java:161)
at org.openqa.selenium.remote.service.DriverCommandExecutor.execute(DriverCommandExecutor.java:83)
at org.openqa.selenium.remote.RemoteWebDriver.execute(RemoteWebDriver.java:576)
at org.openqa.selenium.remote.RemoteWebDriver.execute(RemoteWebDriver.java:633)
at org.openqa.selenium.remote.RemoteWebDriver.execute(RemoteWebDriver.java:637)
at org.openqa.selenium.remote.RemoteWebDriver$RemoteWebDriverOptions$RemoteWindow.maximize(RemoteWebDriver.java:884)
at com.qa.base.Test_Base.initialization(Test_Base.java:70)
at com.qa.testcases.Login_Page_Test.setUp(Login_Page_Test.java:24)
at sun.reflect.NativeMethodAccessorImpl.invoke0(Native Method)
at sun.reflect.NativeMethodAccessorImpl.invoke(Unknown Source)
at sun.reflect.DelegatingMethodAccessorImpl.invoke(Unknown Source)
at java.lang.reflect.Method.invoke(Unknown Source)
at org.testng.internal.MethodInvocationHelper.invokeMethod(MethodInvocationHelper.java:124)
at org.testng.internal.MethodInvocationHelper.invokeMethodConsideringTimeout(MethodInvocationHelper.java:59)
at org.testng.internal.Invoker.invokeConfigurationMethod(Invoker.java:458)
at org.testng.internal.Invoker.invokeConfigurations(Invoker.java:222)
at org.testng.internal.Invoker.invokeMethod(Invoker.java:523)
at org.testng.internal.Invoker.invokeTestMethod(Invoker.java:719)
at org.testng.internal.Invoker.invokeTestMethods(Invoker.java:989)
at org.testng.internal.TestMethodWorker.invokeTestMethods(TestMethodWorker.java:125)
at org.testng.internal.TestMethodWorker.run(TestMethodWorker.java:109)
at org.testng.TestRunner.privateRun(TestRunner.java:648)
at org.testng.TestRunner.run(TestRunner.java:505)
at org.testng.SuiteRunner.runTest(SuiteRunner.java:455)
at org.testng.SuiteRunner.access$000(SuiteRunner.java:40)
at org.testng.SuiteRunner$SuiteWorker.run(SuiteRunner.java:489)
at org.testng.internal.thread.ThreadUtil$1.call(ThreadUtil.java:52)
at java.util.concurrent.FutureTask.run(Unknown Source)
at java.util.concurrent.ThreadPoolExecutor.runWorker(Unknown Source)
at java.util.concurrent.ThreadPoolExecutor$Worker.run(Unknown Source)
at java.lang.Thread.run(Unknown Source)
]]>
            </full-stacktrace>
          </exception> <!-- org.openqa.selenium.WebDriverException -->
          <reporter-output>
          </reporter-output>
        </test-method> <!-- Blank_Login_Test -->
      </class> <!-- com.qa.testcases.Login_Page_Test -->
    </test> <!-- Test -->
  </suite> <!-- Suite -->
</testng-results>
